<?xml version="1.0" encoding="UTF-8"?>
<testsuite xmlns:xsi="http://www.w3.org/2001/XMLSchema-instance" xsi:noNamespaceSchemaLocation="https://maven.apache.org/surefire/maven-surefire-plugin/xsd/surefire-test-report.xsd" version="3.0.2" name="cl.duoc.AppFiesta.repository.FiestaRepositoryTest" time="1.67" tests="5" errors="0" skipped="0" failures="0" flakes="0">
  <properties>
[...]
</properties>
  <testcase name="debeBuscarBajoCapacidadOrdenandoDeMayorAMenor" classname="cl.duoc.AppFiesta.repository.FiestaRepositoryTest" time="0.736">
    <system-out><![CDATA[2026-06-11 21:49:05 [main] INFO  o.s.t.c.s.AnnotationConfigContextLoaderUtils - Could not detect default configuration classes for test class [cl.duoc.AppFiesta.repository.FiestaRepositoryTest]: FiestaRepositoryTest does not declare any static, non-private, non-final, nested classes annotated with @Configuration.
2026-06-11 21:49:05 [main] INFO  o.s.b.t.c.SpringBootTestContextBootstrapper - Found @SpringBootConfiguration cl.duoc.AppFiesta.AppFiestaApplication for test class cl.duoc.AppFiesta.repository.FiestaRepositoryTest
2026-06-11 21:49:05 [main] INFO  o.s.t.c.s.AnnotationConfigContextLoaderUtils - Could not detect default configuration classes for test class [cl.duoc.AppFiesta.repository.FiestaRepositoryTest]: FiestaRepositoryTest does not declare any static, non-private, non-final, nested classes annotated with @Configuration.
2026-06-11 21:49:05 [main] INFO  o.s.b.t.c.SpringBootTestContextBootstrapper - Found @SpringBootConfiguration cl.duoc.AppFiesta.AppFiestaApplication for test class cl.duoc.AppFiesta.repository.FiestaRepositoryTest
2026-06-11 21:49:05 [main] INFO  o.s.b.d.r.RestartApplicationListener - Restart disabled due to context in which it is running

  .   ____          _            __ _ _
 /\\ / ___'_ __ _ _(_)_ __  __ _ \ \ \ \
( ( )\___ | '_ | '_| | '_ \/ _` | \ \ \ \
 \\/  ___)| |_)| | | | | || (_| |  ) ) ) )
  '  |____| .__|_| |_|_| |_\__, | / / / /
 =========|_|==============|___/=/_/_/_/

 :: Spring Boot ::                (v4.0.5)

2026-06-11 21:49:05 [main] INFO  c.d.A.r.FiestaRepositoryTest - Starting FiestaRepositoryTest using Java 21.0.10 with PID 26224 (started by SJ-Alumno in D:\FullStack1\2026_1_FullStack1_MicroServicioFiesta)
2026-06-11 21:49:05 [main] INFO  c.d.A.r.FiestaRepositoryTest - The following 1 profile is active: "test"
2026-06-11 21:49:05 [main] INFO  o.s.d.r.c.RepositoryConfigurationDelegate - Bootstrapping Spring Data JPA repositories in DEFAULT mode.
2026-06-11 21:49:05 [main] INFO  o.s.d.r.c.RepositoryConfigurationDelegate - Finished Spring Data repository scanning in 17 ms. Found 2 JPA repository interfaces.
2026-06-11 21:49:05 [main] INFO  o.s.b.j.t.a.TestDatabaseAutoConfiguration$EmbeddedDataSourceBeanFactoryPostProcessor - Replacing 'dataSource' DataSource bean with embedded version
2026-06-11 21:49:05 [main] INFO  o.s.j.d.e.EmbeddedDatabaseFactory - Starting embedded database: url='jdbc:h2:mem:2ef2f596-b966-4944-af9d-fffc1953eac2;DB_CLOSE_DELAY=-1;DB_CLOSE_ON_EXIT=false', username='sa'
2026-06-11 21:49:05 [main] INFO  org.hibernate.orm.jpa - HHH008540: Processing PersistenceUnitInfo [name: default]
2026-06-11 21:49:05 [main] INFO  o.s.o.j.p.SpringPersistenceUnitInfo - No LoadTimeWeaver setup: ignoring JPA class transformer
2026-06-11 21:49:05 [main] INFO  o.hibernate.orm.connections.pooling - HHH10001005: Database info:
	Database JDBC URL [jdbc:h2:mem:2ef2f596-b966-4944-af9d-fffc1953eac2]
	Database driver: H2 JDBC Driver
	Database dialect: H2Dialect
	Database version: 2.4.240
	Default catalog/schema: 2EF2F596-B966-4944-AF9D-FFFC1953EAC2/PUBLIC
	Autocommit mode: undefined/unknown
	Isolation level: READ_COMMITTED [default READ_COMMITTED]
	JDBC fetch size: 100
	Pool: DataSourceConnectionProvider
	Minimum pool size: undefined/unknown
	Maximum pool size: undefined/unknown
2026-06-11 21:49:05 [main] INFO  org.hibernate.orm.core - HHH000489: No JTA platform available (set 'hibernate.transaction.jta.platform' to enable JTA platform integration)
Hibernate: 
    drop table if exists comuna cascade 
Hibernate: 
    drop table if exists fiesta cascade 
Hibernate: 
    drop sequence if exists fiesta_seq
Hibernate: 
    create sequence fiesta_seq start with 1 increment by 1
Hibernate: 
    create table comuna (
        id bigint generated by default as identity,
        nombre_comuna varchar(100) not null,
        primary key (id)
    )
Hibernate: 
    create table fiesta (
        capacidad integer not null,
        fecha_realizacion date not null,
        id_fiesta integer not null,
        comuna_id bigint not null,
        direccion varchar(255) not null,
        nombre varchar(255) not null,
        tipo_de_fiesta varchar(255) not null,
        primary key (id_fiesta)
    )
Hibernate: 
    alter table if exists fiesta 
       add constraint FKa8uih85hg1mewv5i3g3s6h8oa 
       foreign key (comuna_id) 
       references comuna
2026-06-11 21:49:05 [main] INFO  o.s.o.j.LocalContainerEntityManagerFactoryBean - Initialized JPA EntityManagerFactory for persistence unit 'default'
2026-06-11 21:49:05 [main] INFO  c.d.A.r.FiestaRepositoryTest - Started FiestaRepositoryTest in 0.492 seconds (process running for 12.0)
Hibernate: 
    insert 
    into
        comuna
        (nombre_comuna, id) 
    values
        (?, default)
Hibernate: 
    insert 
    into
        comuna
        (nombre_comuna, id) 
    values
        (?, default)
Hibernate: 
    select
        next value 
    for
        fiesta_seq
Hibernate: 
    select
        next value 
    for
        fiesta_seq
Hibernate: 
    select
        next value 
    for
        fiesta_seq
Hibernate: 
    insert 
    into
        fiesta
        (capacidad, comuna_id, direccion, fecha_realizacion, nombre, tipo_de_fiesta, id_fiesta) 
    values
        (?, ?, ?, ?, ?, ?, ?)
Hibernate: 
    insert 
    into
        fiesta
        (capacidad, comuna_id, direccion, fecha_realizacion, nombre, tipo_de_fiesta, id_fiesta) 
    values
        (?, ?, ?, ?, ?, ?, ?)
Hibernate: 
    insert 
    into
        fiesta
        (capacidad, comuna_id, direccion, fecha_realizacion, nombre, tipo_de_fiesta, id_fiesta) 
    values
        (?, ?, ?, ?, ?, ?, ?)
Hibernate: 
    select
        f1_0.id_fiesta,
        f1_0.capacidad,
        f1_0.comuna_id,
        f1_0.direccion,
        f1_0.fecha_realizacion,
        f1_0.nombre,
        f1_0.tipo_de_fiesta 
    from
        fiesta f1_0 
    where
        f1_0.capacidad<=? 
    order by
        f1_0.capacidad desc
]]></system-out>
  </testcase>
  <testcase name="debeBuscarCapacidadEntreDosValores" classname="cl.duoc.AppFiesta.repository.FiestaRepositoryTest" time="0.117">
    <system-out><![CDATA[Hibernate: 
    insert 
    into
        comuna
        (nombre_comuna, id) 
    values
        (?, default)
Hibernate: 
    insert 
    into
        comuna
        (nombre_comuna, id) 
    values
        (?, default)
Hibernate: 
    select
        next value 
    for
        fiesta_seq
Hibernate: 
    select
        next value 
    for
        fiesta_seq
Hibernate: 
    select
        next value 
    for
        fiesta_seq
Hibernate: 
    insert 
    into
        fiesta
        (capacidad, comuna_id, direccion, fecha_realizacion, nombre, tipo_de_fiesta, id_fiesta) 
    values
        (?, ?, ?, ?, ?, ?, ?)
Hibernate: 
    insert 
    into
        fiesta
        (capacidad, comuna_id, direccion, fecha_realizacion, nombre, tipo_de_fiesta, id_fiesta) 
    values
        (?, ?, ?, ?, ?, ?, ?)
Hibernate: 
    insert 
    into
        fiesta
        (capacidad, comuna_id, direccion, fecha_realizacion, nombre, tipo_de_fiesta, id_fiesta) 
    values
        (?, ?, ?, ?, ?, ?, ?)
Hibernate: 
    select
        f1_0.id_fiesta,
        f1_0.capacidad,
        f1_0.comuna_id,
        f1_0.direccion,
        f1_0.fecha_realizacion,
        f1_0.nombre,
        f1_0.tipo_de_fiesta 
    from
        fiesta f1_0 
    where
        f1_0.capacidad between ? and ?
]]></system-out>
  </testcase>
  <testcase name="debeBuscarPorComuna" classname="cl.duoc.AppFiesta.repository.FiestaRepositoryTest" time="0.012">
    <system-out><![CDATA[Hibernate: 
    insert 
    into
        comuna
        (nombre_comuna, id) 
    values
        (?, default)
Hibernate: 
    insert 
    into
        comuna
        (nombre_comuna, id) 
    values
        (?, default)
Hibernate: 
    select
        next value 
    for
        fiesta_seq
Hibernate: 
    select
        next value 
    for
        fiesta_seq
Hibernate: 
    insert 
    into
        fiesta
        (capacidad, comuna_id, direccion, fecha_realizacion, nombre, tipo_de_fiesta, id_fiesta) 
    values
        (?, ?, ?, ?, ?, ?, ?)
Hibernate: 
    insert 
    into
        fiesta
        (capacidad, comuna_id, direccion, fecha_realizacion, nombre, tipo_de_fiesta, id_fiesta) 
    values
        (?, ?, ?, ?, ?, ?, ?)
Hibernate: 
    select
        f1_0.id_fiesta,
        f1_0.capacidad,
        f1_0.comuna_id,
        f1_0.direccion,
        f1_0.fecha_realizacion,
        f1_0.nombre,
        f1_0.tipo_de_fiesta 
    from
        fiesta f1_0 
    where
        f1_0.comuna_id=?
]]></system-out>
  </testcase>
  <testcase name="debeBuscarPorTituloConConsultaNativa" classname="cl.duoc.AppFiesta.repository.FiestaRepositoryTest" time="0.176">
    <system-out><![CDATA[Hibernate: 
    insert 
    into
        comuna
        (nombre_comuna, id) 
    values
        (?, default)
Hibernate: 
    insert 
    into
        comuna
        (nombre_comuna, id) 
    values
        (?, default)
Hibernate: 
    select
        next value 
    for
        fiesta_seq
Hibernate: 
    insert 
    into
        fiesta
        (capacidad, comuna_id, direccion, fecha_realizacion, nombre, tipo_de_fiesta, id_fiesta) 
    values
        (?, ?, ?, ?, ?, ?, ?)
Hibernate: 
    SELECT
        * 
    FROM
        Fiesta 
    WHERE
        nombre LIKE CONCAT('%', ?, '%')
]]></system-out>
  </testcase>
  <testcase name="debeBuscarPorNombreIgnorandoMayusculas" classname="cl.duoc.AppFiesta.repository.FiestaRepositoryTest" time="0.077">
    <system-out><![CDATA[Hibernate: 
    insert 
    into
        comuna
        (nombre_comuna, id) 
    values
        (?, default)
Hibernate: 
    insert 
    into
        comuna
        (nombre_comuna, id) 
    values
        (?, default)
Hibernate: 
    select
        next value 
    for
        fiesta_seq
Hibernate: 
    select
        next value 
    for
        fiesta_seq
Hibernate: 
    insert 
    into
        fiesta
        (capacidad, comuna_id, direccion, fecha_realizacion, nombre, tipo_de_fiesta, id_fiesta) 
    values
        (?, ?, ?, ?, ?, ?, ?)
Hibernate: 
    insert 
    into
        fiesta
        (capacidad, comuna_id, direccion, fecha_realizacion, nombre, tipo_de_fiesta, id_fiesta) 
    values
        (?, ?, ?, ?, ?, ?, ?)
Hibernate: 
    select
        f1_0.id_fiesta,
        f1_0.capacidad,
        f1_0.comuna_id,
        f1_0.direccion,
        f1_0.fecha_realizacion,
        f1_0.nombre,
        f1_0.tipo_de_fiesta 
    from
        fiesta f1_0 
    where
        upper(f1_0.nombre) like upper(?) escape '\'
]]></system-out>
  </testcase>
</testsuite>